<?xml version="1.0" encoding="UTF-8"?>
<!-- Generated by org.testng.reporters.JUnitReportReporter -->
<testsuite hostname="DESKTOP-0J9T7MQ" failures="0" tests="3" name="tests.PutPatchDeleteExamples" time="1.776" errors="0" timestamp="2024-08-19T15:58:32 CDT" skipped="0">
  <testcase classname="tests.PutPatchDeleteExamples" name="testPatch" time="0.291"/>
  <testcase classname="tests.PutPatchDeleteExamples" name="testDelete" time="1.230"/>
  <testcase classname="tests.PutPatchDeleteExamples" name="testPut" time="0.255"/>
</testsuite> <!-- tests.PutPatchDeleteExamples -->
