<?xml version="1.0" encoding="UTF-8"?>
<!-- Generated by org.testng.reporters.JUnitReportReporter -->
<testsuite hostname="DESKTOP-0J9T7MQ" failures="0" tests="1" name="tests.TestsOnLocalAPI" time="0.889" errors="0" timestamp="2024-08-21T11:35:34 CDT" skipped="0">
  <testcase classname="tests.TestsOnLocalAPI" name="delete" time="0.889"/>
</testsuite> <!-- tests.TestsOnLocalAPI -->
