<?xml version="1.0" encoding="UTF-8"?>
<!-- Generated by org.testng.reporters.JUnitReportReporter -->
<testsuite hostname="DESKTOP-0J9T7MQ" failures="0" tests="1" name="tests.SoapXMLRequest" time="1.498" errors="0" timestamp="2024-08-21T15:59:54 CDT" skipped="0">
  <testcase classname="tests.SoapXMLRequest" name="validateSoapXML" time="1.498"/>
</testsuite> <!-- tests.SoapXMLRequest -->
