<?xml version="1.0" encoding="UTF-8"?>
<!-- Generated by org.testng.reporters.JUnitReportReporter -->
<testsuite hostname="DESKTOP-0J9T7MQ" failures="0" tests="2" name="tests.TestExamples" time="1.500" errors="0" timestamp="2024-08-16T18:33:46 CDT" skipped="0">
  <testcase classname="tests.TestExamples" name="test_1" time="1.030"/>
  <testcase classname="tests.TestExamples" name="test_2" time="0.470"/>
</testsuite> <!-- tests.TestExamples -->
