<?xml version="1.0" encoding="UTF-8"?>
<!-- Generated by org.testng.reporters.JUnitReportReporter -->
<testsuite hostname="DESKTOP-0J9T7MQ" failures="0" tests="2" name="tests.GetAndPostExamples" time="1.755" errors="0" timestamp="2024-08-19T15:19:36 CDT" skipped="0">
  <testcase classname="tests.GetAndPostExamples" name="testGet" time="1.436"/>
  <testcase classname="tests.GetAndPostExamples" name="testPost" time="0.319"/>
</testsuite> <!-- tests.GetAndPostExamples -->
